<?xml version="1.0" encoding="UTF-8"?>
<testsuite name="RegRestTests" tests="1" skipped="0" failures="0" errors="0" timestamp="2023-01-18T21:05:30" hostname="DESKTOP-9ETNGU6" time="2.27">
  <properties/>
  <testcase name="loginTest()" classname="RegRestTests" time="2.27"/>
  <system-out><![CDATA[2023-01-18T13:05:30,457 [Test worker] INFO  (RegRestTests.java:31) - Iniciando la configuracion
2023-01-18T13:05:30,882 [Test worker] INFO  (RegRestTests.java:40) - Configuracion exitosa.
Request method:	POST
Request URI:	https://reqres.in/api/login
Proxy:			<none>
Request params:	<none>
Query params:	<none>
Form params:	<none>
Path params:	<none>
Headers:		Accept=*/*
				Content-Type=application/json
Cookies:		<none>
Multiparts:		<none>
Body:
{
    "email": "eve.holt@reqres.in",
    "password": "cityslicka"
}
HTTP/1.1 200 OK
Date: Wed, 18 Jan 2023 21:05:33 GMT
Content-Type: application/json; charset=utf-8
Content-Length: 29
Connection: keep-alive
X-Powered-By: Express
Access-Control-Allow-Origin: *
Etag: W/"1d-lGCrvD6B7Qzk11+2C98+nGhhuec"
Via: 1.1 vegur
CF-Cache-Status: DYNAMIC
Report-To: {"endpoints":[{"url":"https:\/\/a.nel.cloudflare.com\/report\/v3?s=hct8fOOncWYiSjkJoH7sRSKPD04psFXh0hVdd9WZIJ14DagFs8Sq0UymA7KqpFeClUAMWZd0l%2BEFjugrobFI6zVmAtFqOyRBRfpjuSN%2FtU7weIeNyUUINRbQXg%3D%3D"}],"group":"cf-nel","max_age":604800}
NEL: {"success_fraction":0,"report_to":"cf-nel","max_age":604800}
Server: cloudflare
CF-RAY: 78ba4a15be26e4ac-DFW

{
    "token": "QpwL5tke4Pnpja7X4"
}
]]></system-out>
  <system-err><![CDATA[]]></system-err>
</testsuite>
