<?xml version="1.0" encoding="UTF-8"?>
<testsuite name="RegRestTests" tests="1" skipped="0" failures="0" errors="0" timestamp="2023-01-18T04:19:12" hostname="DESKTOP-9ETNGU6" time="2.203">
  <properties/>
  <testcase name="putUserTest()" classname="RegRestTests" time="2.203"/>
  <system-out><![CDATA[Request method:	PUT
Request URI:	https://reqres.in/api/users/2
Proxy:			<none>
Request params:	<none>
Query params:	<none>
Form params:	<none>
Path params:	<none>
Headers:		Accept=*/*
				Content-Type=application/json
Cookies:		<none>
Multiparts:		<none>
Body:
{
    "name": "morpheus",
    "job": "zion resident"
}
HTTP/1.1 200 OK
Date: Wed, 18 Jan 2023 04:19:15 GMT
Content-Type: application/json; charset=utf-8
Transfer-Encoding: chunked
Connection: keep-alive
X-Powered-By: Express
Access-Control-Allow-Origin: *
Etag: W/"50-9p2nRj/pnZjgQfMwx9RpvCRN39s"
Via: 1.1 vegur
CF-Cache-Status: DYNAMIC
Report-To: {"endpoints":[{"url":"https:\/\/a.nel.cloudflare.com\/report\/v3?s=E1%2FLbEFbH%2B5kY7b6itgZpYfx76jSoQOPGyYV5lXdZLxdQ5kxUOmbu8cxYVZdqqvX3zGeWxYh%2F50rwJZio63LYWYmBEk%2BFoqPeM6ncHlfo%2FaN%2FlYxRB0TDyr2lQ%3D%3D"}],"group":"cf-nel","max_age":604800}
NEL: {"success_fraction":0,"report_to":"cf-nel","max_age":604800}
Vary: Accept-Encoding
Server: cloudflare
CF-RAY: 78b48801eab77c3d-LAX
Content-Encoding: gzip

{
    "name": "morpheus",
    "job": "zion resident",
    "updatedAt": "2023-01-18T04:19:15.114Z"
}
]]></system-out>
  <system-err><![CDATA[]]></system-err>
</testsuite>
